2025-10-16 21:53:18 - [1;34m__main__[0m - [1;32mINFO[0m - Logging initialized - Console: INFO, File: DEBUG. Log file: /home/leoh/.config/clipse-gui/clipse-gui.log
2025-10-16 21:53:18 - clipse_gui.app - DEBUG - Application org.d7om.ClipseGUI starting up.
2025-10-16 21:53:18 - clipse_gui.app - DEBUG - Activating application - creating main window.
2025-10-16 21:53:18 - clipse_gui.controller - DEBUG - Detected session type: Wayland
2025-10-16 21:53:18 - clipse_gui.data_manager - DEBUG - DataManager initialized with history file: /home/leoh/.config/clipse/clipboard_history.json
2025-10-16 21:53:18 - clipse_gui.ui_builder - DEBUG - Building main window UI content.
2025-10-16 21:53:18 - clipse_gui.controller - DEBUG - Connecting signals.
2025-10-16 21:53:18 - clipse_gui.controller - DEBUG - Creating and adding application CSS provider.
2025-10-16 21:53:18 - clipse_gui.data_manager - DEBUG - Loaded 0 items from /home/leoh/.config/clipse/clipboard_history.json
2025-10-16 21:53:18 - clipse_gui.data_manager - DEBUG - Starting history watcher for /home/leoh/.config/clipse/clipboard_history.json every 300ms
2025-10-16 21:53:18 - clipse_gui.controller - DEBUG - Zoom updated to 1.00
2025-10-16 21:53:18 - clipse_gui.controller - DEBUG - Populating initial 0 rows.
2025-10-16 21:53:18 - clipse_gui.app - DEBUG - Main window created and shown.
2025-10-16 21:53:18 - clipse_gui.controller - DEBUG - Populating initial 0 rows.
2025-10-16 21:53:42 - clipse_gui.tray_manager - DEBUG - AppIndicator created and set to ACTIVE
2025-10-16 21:53:42 - clipse_gui.tray_manager - DEBUG - Showing tray icon
2025-10-16 21:53:42 - clipse_gui.data_manager - DEBUG - Loaded 0 items from /home/leoh/.config/clipse/clipboard_history.json
2025-10-16 21:54:27 - [1;34m__main__[0m - [1;32mINFO[0m - Logging initialized - Console: INFO, File: DEBUG. Log file: /home/leoh/.config/clipse-gui/clipse-gui.log
2025-10-16 21:54:27 - clipse_gui.app - DEBUG - Application org.d7om.ClipseGUI starting up.
2025-10-16 21:54:27 - clipse_gui.app - DEBUG - Activating application - creating main window.
2025-10-16 21:54:27 - clipse_gui.controller - DEBUG - Detected session type: Wayland
2025-10-16 21:54:27 - clipse_gui.data_manager - DEBUG - DataManager initialized with history file: /home/leoh/.config/clipse/clipboard_history.json
2025-10-16 21:54:27 - clipse_gui.ui_builder - DEBUG - Building main window UI content.
2025-10-16 21:54:27 - clipse_gui.controller - DEBUG - Connecting signals.
2025-10-16 21:54:27 - clipse_gui.data_manager - DEBUG - Loaded 0 items from /home/leoh/.config/clipse/clipboard_history.json
2025-10-16 21:54:27 - clipse_gui.controller - DEBUG - Creating and adding application CSS provider.
2025-10-16 21:54:27 - clipse_gui.data_manager - DEBUG - Starting history watcher for /home/leoh/.config/clipse/clipboard_history.json every 300ms
2025-10-16 21:54:27 - clipse_gui.controller - DEBUG - Zoom updated to 1.00
2025-10-16 21:54:27 - clipse_gui.controller - DEBUG - Populating initial 0 rows.
2025-10-16 21:54:27 - clipse_gui.app - DEBUG - Main window created and shown.
2025-10-16 21:54:27 - clipse_gui.controller - DEBUG - Populating initial 0 rows.
2025-10-16 21:54:31 - clipse_gui.tray_manager - DEBUG - AppIndicator created and set to ACTIVE
2025-10-16 21:54:31 - clipse_gui.tray_manager - DEBUG - Showing tray icon
2025-10-16 21:54:31 - clipse_gui.data_manager - DEBUG - Loaded 0 items from /home/leoh/.config/clipse/clipboard_history.json
2025-10-16 21:55:02 - [1;34m__main__[0m - [1;32mINFO[0m - Logging initialized - Console: INFO, File: DEBUG. Log file: /home/leoh/.config/clipse-gui/clipse-gui.log
2025-10-16 21:55:02 - clipse_gui.app - DEBUG - Application already active - presenting existing window.
2025-10-16 21:55:02 - [1;34m__main__[0m - [1;32mINFO[0m - Application exited with status 0.
2025-10-16 21:55:08 - clipse_gui.controller - DEBUG - Pin filter toggled: ON
2025-10-16 21:55:08 - clipse_gui.controller - DEBUG - Populating initial 0 rows.
2025-10-16 21:55:09 - clipse_gui.controller - DEBUG - Pin filter toggled: OFF
2025-10-16 21:55:09 - clipse_gui.controller - DEBUG - Populating initial 0 rows.
2025-10-16 21:55:10 - clipse_gui.controller - DEBUG - Pin filter toggled: ON
2025-10-16 21:55:10 - clipse_gui.controller - DEBUG - Populating initial 0 rows.
2025-10-16 21:55:12 - clipse_gui.controller - DEBUG - Pin filter toggled: OFF
2025-10-16 21:55:12 - clipse_gui.controller - DEBUG - Populating initial 0 rows.
2025-10-16 21:55:15 - clipse_gui.controller - DEBUG - Triggering filter update for search: 'cop'
2025-10-16 21:55:15 - clipse_gui.controller - DEBUG - Populating initial 0 rows.
2025-10-16 21:55:15 - clipse_gui.controller - DEBUG - Triggering filter update for search: ''
2025-10-16 21:55:15 - clipse_gui.controller - DEBUG - Populating initial 0 rows.
2025-10-16 21:55:16 - clipse_gui.tray_manager - DEBUG - Showing tray icon
2025-10-16 21:55:16 - clipse_gui.data_manager - DEBUG - Loaded 0 items from /home/leoh/.config/clipse/clipboard_history.json
2025-10-16 22:01:43 - [1;34m__main__[0m - [1;32mINFO[0m - Logging initialized - Console: INFO, File: DEBUG. Log file: /home/leoh/.config/clipse-gui/clipse-gui.log
2025-10-16 22:01:43 - clipse_gui.app - DEBUG - Application org.d7om.ClipseGUI starting up.
2025-10-16 22:01:43 - clipse_gui.app - DEBUG - Activating application - creating main window.
2025-10-16 22:01:43 - clipse_gui.controller - DEBUG - Detected session type: Wayland
2025-10-16 22:01:43 - clipse_gui.data_manager - DEBUG - DataManager initialized with history file: /home/leoh/.config/clipse/clipboard_history.json
2025-10-16 22:01:43 - clipse_gui.ui_builder - DEBUG - Building main window UI content.
2025-10-16 22:01:43 - clipse_gui.controller - DEBUG - Connecting signals.
2025-10-16 22:01:43 - clipse_gui.controller - DEBUG - Creating and adding application CSS provider.
2025-10-16 22:01:43 - clipse_gui.data_manager - DEBUG - Loaded 0 items from /home/leoh/.config/clipse/clipboard_history.json
2025-10-16 22:01:43 - clipse_gui.data_manager - DEBUG - Starting history watcher for /home/leoh/.config/clipse/clipboard_history.json every 300ms
2025-10-16 22:01:43 - clipse_gui.controller - DEBUG - Zoom updated to 1.00
2025-10-16 22:01:43 - clipse_gui.controller - DEBUG - Populating initial 0 rows.
2025-10-16 22:01:43 - clipse_gui.app - DEBUG - Main window created and shown.
2025-10-16 22:01:43 - clipse_gui.controller - DEBUG - Populating initial 0 rows.
2025-10-16 22:01:46 - clipse_gui.tray_manager - DEBUG - AppIndicator created and set to ACTIVE
2025-10-16 22:01:46 - clipse_gui.tray_manager - DEBUG - Showing tray icon
2025-10-16 22:01:46 - clipse_gui.data_manager - DEBUG - Loaded 0 items from /home/leoh/.config/clipse/clipboard_history.json
2025-10-16 22:04:40 - [1;34m__main__[0m - [1;32mINFO[0m - Logging initialized - Console: INFO, File: DEBUG. Log file: /home/leoh/.config/clipse-gui/clipse-gui.log
2025-10-16 22:04:41 - clipse_gui.app - DEBUG - Application org.d7om.ClipseGUI starting up.
2025-10-16 22:04:41 - clipse_gui.app - DEBUG - Activating application - creating main window.
2025-10-16 22:04:41 - clipse_gui.controller - DEBUG - Detected session type: Wayland
2025-10-16 22:04:41 - clipse_gui.data_manager - DEBUG - DataManager initialized with history file: /home/leoh/.config/clipse/clipboard_history.json
2025-10-16 22:04:41 - clipse_gui.ui_builder - DEBUG - Building main window UI content.
2025-10-16 22:04:41 - clipse_gui.controller - DEBUG - Connecting signals.
2025-10-16 22:04:41 - clipse_gui.controller - DEBUG - Creating and adding application CSS provider.
2025-10-16 22:04:41 - clipse_gui.data_manager - DEBUG - Loaded 0 items from /home/leoh/.config/clipse/clipboard_history.json
2025-10-16 22:04:41 - clipse_gui.data_manager - DEBUG - Starting history watcher for /home/leoh/.config/clipse/clipboard_history.json every 300ms
2025-10-16 22:04:41 - clipse_gui.controller - DEBUG - Zoom updated to 1.00
2025-10-16 22:04:41 - clipse_gui.controller - DEBUG - Populating initial 0 rows.
2025-10-16 22:04:41 - clipse_gui.app - DEBUG - Main window created and shown.
2025-10-16 22:04:41 - clipse_gui.controller - DEBUG - Populating initial 0 rows.
2025-10-16 22:04:45 - clipse_gui.data_manager - DEBUG - History file change detected (/home/leoh/.config/clipse/clipboard_history.json). Reloading...
2025-10-16 22:04:45 - clipse_gui.data_manager - DEBUG - Loaded 1 items from /home/leoh/.config/clipse/clipboard_history.json
2025-10-16 22:04:45 - clipse_gui.controller - DEBUG - Received history update signal from DataManager.
2025-10-16 22:04:45 - clipse_gui.controller - DEBUG - Populating initial 1 rows.
2025-10-16 22:04:45 - clipse_gui.controller - DEBUG - Creating rows from filtered index 0 to 0
2025-10-16 22:04:57 - clipse_gui.tray_manager - DEBUG - AppIndicator created and set to ACTIVE
2025-10-16 22:04:57 - clipse_gui.tray_manager - DEBUG - Showing tray icon
2025-10-16 22:04:57 - clipse_gui.data_manager - DEBUG - Loaded 1 items from /home/leoh/.config/clipse/clipboard_history.json
2025-11-11 16:57:00 - [1;34m__main__[0m - [1;32mINFO[0m - Logging initialized - Console: INFO, File: DEBUG. Log file: /home/leoh/.config/clipse-gui/clipse-gui.log
2025-11-11 16:57:00 - clipse_gui.app - DEBUG - Application org.d7om.ClipseGUI starting up.
2025-11-11 16:57:00 - clipse_gui.app - DEBUG - Activating application - creating main window.
2025-11-11 16:57:00 - clipse_gui.controller - DEBUG - Detected session type: Wayland
2025-11-11 16:57:00 - clipse_gui.data_manager - DEBUG - DataManager initialized with history file: /home/leoh/.config/clipse/clipboard_history.json
2025-11-11 16:57:00 - clipse_gui.ui_builder - DEBUG - Building main window UI content.
2025-11-11 16:57:00 - clipse_gui.controller - DEBUG - Connecting signals.
2025-11-11 16:57:00 - clipse_gui.controller - DEBUG - Creating and adding application CSS provider.
2025-11-11 16:57:00 - clipse_gui.data_manager - DEBUG - Loaded 2 items from /home/leoh/.config/clipse/clipboard_history.json
2025-11-11 16:57:00 - clipse_gui.data_manager - DEBUG - Starting history watcher for /home/leoh/.config/clipse/clipboard_history.json every 300ms
2025-11-11 16:57:00 - clipse_gui.controller - DEBUG - Zoom updated to 1.00
2025-11-11 16:57:00 - clipse_gui.controller - DEBUG - Populating initial 0 rows.
2025-11-11 16:57:00 - clipse_gui.app - DEBUG - Main window created and shown.
2025-11-11 16:57:00 - clipse_gui.controller - DEBUG - Populating initial 2 rows.
2025-11-11 16:57:00 - clipse_gui.controller - DEBUG - Creating rows from filtered index 0 to 1
2025-11-11 16:57:18 - clipse_gui.tray_manager - DEBUG - AppIndicator created and set to ACTIVE
2025-11-11 16:57:18 - clipse_gui.tray_manager - DEBUG - Showing tray icon
2025-11-11 16:57:19 - clipse_gui.data_manager - DEBUG - Loaded 2 items from /home/leoh/.config/clipse/clipboard_history.json
2025-11-11 17:20:17 - [1;34m__main__[0m - [1;32mINFO[0m - Logging initialized - Console: INFO, File: DEBUG. Log file: /home/leoh/.config/clipse-gui/clipse-gui.log
2025-11-11 17:20:17 - clipse_gui.app - DEBUG - Application org.d7om.ClipseGUI starting up.
2025-11-11 17:20:17 - clipse_gui.app - DEBUG - Activating application - creating main window.
2025-11-11 17:20:17 - clipse_gui.controller - DEBUG - Detected session type: Wayland
2025-11-11 17:20:17 - clipse_gui.data_manager - DEBUG - DataManager initialized with history file: /home/leoh/.config/clipse/clipboard_history.json
2025-11-11 17:20:17 - clipse_gui.ui_builder - DEBUG - Building main window UI content.
2025-11-11 17:20:17 - clipse_gui.controller - DEBUG - Connecting signals.
2025-11-11 17:20:17 - clipse_gui.controller - DEBUG - Creating and adding application CSS provider.
2025-11-11 17:20:17 - clipse_gui.data_manager - DEBUG - Loaded 2 items from /home/leoh/.config/clipse/clipboard_history.json
2025-11-11 17:20:17 - clipse_gui.data_manager - DEBUG - Starting history watcher for /home/leoh/.config/clipse/clipboard_history.json every 300ms
2025-11-11 17:20:17 - clipse_gui.controller - DEBUG - Zoom updated to 1.00
2025-11-11 17:20:17 - clipse_gui.controller - DEBUG - Populating initial 0 rows.
2025-11-11 17:20:17 - clipse_gui.app - DEBUG - Main window created and shown.
2025-11-11 17:20:17 - clipse_gui.controller - DEBUG - Populating initial 2 rows.
2025-11-11 17:20:17 - clipse_gui.controller - DEBUG - Creating rows from filtered index 0 to 1
2025-11-11 17:20:27 - clipse_gui.tray_manager - DEBUG - AppIndicator created and set to ACTIVE
2025-11-11 17:20:27 - clipse_gui.tray_manager - DEBUG - Showing tray icon
2025-11-11 17:20:27 - clipse_gui.data_manager - DEBUG - Loaded 2 items from /home/leoh/.config/clipse/clipboard_history.json
2025-11-11 17:24:50 - clipse_gui.data_manager - DEBUG - History file change detected (/home/leoh/.config/clipse/clipboard_history.json). Reloading...
2025-11-11 17:24:50 - clipse_gui.data_manager - DEBUG - Loaded 3 items from /home/leoh/.config/clipse/clipboard_history.json
2025-11-11 17:24:50 - clipse_gui.controller - DEBUG - Received history update signal from DataManager.
2025-11-11 17:24:50 - clipse_gui.controller - DEBUG - Populating initial 3 rows.
2025-11-11 17:24:50 - clipse_gui.controller - DEBUG - Creating rows from filtered index 0 to 2
2025-11-11 17:25:16 - clipse_gui.data_manager - DEBUG - History file change detected (/home/leoh/.config/clipse/clipboard_history.json). Reloading...
2025-11-11 17:25:16 - clipse_gui.data_manager - DEBUG - Loaded 4 items from /home/leoh/.config/clipse/clipboard_history.json
2025-11-11 17:25:16 - clipse_gui.controller - DEBUG - Received history update signal from DataManager.
2025-11-11 17:25:16 - clipse_gui.controller - DEBUG - Populating initial 4 rows.
2025-11-11 17:25:16 - clipse_gui.controller - DEBUG - Creating rows from filtered index 0 to 3
2025-11-11 17:25:56 - [1;34m__main__[0m - [1;32mINFO[0m - Logging initialized - Console: INFO, File: DEBUG. Log file: /home/leoh/.config/clipse-gui/clipse-gui.log
2025-11-11 17:25:56 - clipse_gui.app - DEBUG - Application already active - presenting existing window.
2025-11-11 17:25:56 - [1;34m__main__[0m - [1;32mINFO[0m - Application exited with status 0.
2025-11-11 17:26:06 - clipse_gui.controller - DEBUG - Row activated: original_index=N/A
2025-11-11 17:26:06 - [1;34mclipse_gui.controller[0m - [1;32mINFO[0m - Image copied successfully.
2025-11-11 17:26:06 - clipse_gui.controller - DEBUG - Hiding window and scheduling paste simulation.
2025-11-11 17:26:07 - clipse_gui.controller - DEBUG - Attempting paste simulation...
2025-11-11 17:26:07 - clipse_gui.controller - DEBUG - Executing paste simulation command: ['wtype', '-M', 'ctrl', '-P', 'v', '-p', 'v', '-m', 'ctrl']
2025-11-11 17:26:07 - [1;34mclipse_gui.controller[0m - [1;32mINFO[0m - Paste simulation (wtype) command successful.
2025-11-11 17:26:07 - [1;34mclipse_gui.controller[0m - [1;32mINFO[0m - Paste simulation command successful.
2025-11-11 17:26:07 - [1;34mclipse_gui.controller[0m - [1;32mINFO[0m - Quitting application.
2025-11-11 17:26:07 - clipse_gui.app - DEBUG - Application org.d7om.ClipseGUI shutting down.
2025-11-11 17:26:07 - [1;34m__main__[0m - [1;32mINFO[0m - Application exited with status 0.
2025-11-11 17:48:05 - [1;34m__main__[0m - [1;32mINFO[0m - Logging initialized - Console: INFO, File: DEBUG. Log file: /home/leoh/.config/clipse-gui/clipse-gui.log
2025-11-11 17:48:05 - clipse_gui.app - DEBUG - Application org.d7om.ClipseGUI starting up.
2025-11-11 17:48:05 - clipse_gui.app - DEBUG - Activating application - creating main window.
2025-11-11 17:48:05 - clipse_gui.controller - DEBUG - Detected session type: Wayland
2025-11-11 17:48:05 - clipse_gui.data_manager - DEBUG - DataManager initialized with history file: /home/leoh/.config/clipse/clipboard_history.json
2025-11-11 17:48:05 - clipse_gui.ui_builder - DEBUG - Building main window UI content.
2025-11-11 17:48:05 - clipse_gui.controller - DEBUG - Connecting signals.
2025-11-11 17:48:05 - clipse_gui.controller - DEBUG - Creating and adding application CSS provider.
2025-11-11 17:48:05 - clipse_gui.data_manager - DEBUG - Loaded 5 items from /home/leoh/.config/clipse/clipboard_history.json
2025-11-11 17:48:05 - clipse_gui.data_manager - DEBUG - Starting history watcher for /home/leoh/.config/clipse/clipboard_history.json every 300ms
2025-11-11 17:48:05 - clipse_gui.controller - DEBUG - Zoom updated to 1.00
2025-11-11 17:48:05 - clipse_gui.controller - DEBUG - Populating initial 0 rows.
2025-11-11 17:48:05 - clipse_gui.app - DEBUG - Main window created and shown.
2025-11-11 17:48:05 - clipse_gui.controller - DEBUG - Populating initial 5 rows.
2025-11-11 17:48:05 - clipse_gui.controller - DEBUG - Creating rows from filtered index 0 to 4
2025-11-11 17:48:07 - clipse_gui.controller - DEBUG - Row activated: original_index=N/A
2025-11-11 17:48:07 - clipse_gui.controller - DEBUG - Hiding window and scheduling paste simulation.
2025-11-11 17:48:07 - clipse_gui.controller - DEBUG - Attempting paste simulation...
2025-11-11 17:48:07 - clipse_gui.controller - DEBUG - Executing paste simulation command: ['wtype', '-M', 'ctrl', '-P', 'v', '-p', 'v', '-m', 'ctrl']
2025-11-11 17:48:07 - [1;34mclipse_gui.controller[0m - [1;32mINFO[0m - Paste simulation (wtype) command successful.
2025-11-11 17:48:07 - [1;34mclipse_gui.controller[0m - [1;32mINFO[0m - Paste simulation command successful.
2025-11-11 17:48:07 - [1;34mclipse_gui.controller[0m - [1;32mINFO[0m - Quitting application.
2025-11-11 17:48:07 - clipse_gui.app - DEBUG - Application org.d7om.ClipseGUI shutting down.
2025-11-11 17:48:07 - [1;34m__main__[0m - [1;32mINFO[0m - Application exited with status 0.
2025-11-11 18:24:32 - [1;34m__main__[0m - [1;32mINFO[0m - Logging initialized - Console: INFO, File: DEBUG. Log file: /home/leoh/.config/clipse-gui/clipse-gui.log
2025-11-11 18:24:32 - clipse_gui.app - DEBUG - Application org.d7om.ClipseGUI starting up.
2025-11-11 18:24:32 - clipse_gui.app - DEBUG - Activating application - creating main window.
2025-11-11 18:24:32 - clipse_gui.controller - DEBUG - Detected session type: Wayland
2025-11-11 18:24:32 - clipse_gui.data_manager - DEBUG - DataManager initialized with history file: /home/leoh/.config/clipse/clipboard_history.json
2025-11-11 18:24:32 - clipse_gui.ui_builder - DEBUG - Building main window UI content.
2025-11-11 18:24:32 - clipse_gui.controller - DEBUG - Connecting signals.
2025-11-11 18:24:32 - clipse_gui.controller - DEBUG - Creating and adding application CSS provider.
2025-11-11 18:24:32 - clipse_gui.data_manager - DEBUG - Loaded 21 items from /home/leoh/.config/clipse/clipboard_history.json
2025-11-11 18:24:32 - clipse_gui.data_manager - DEBUG - Starting history watcher for /home/leoh/.config/clipse/clipboard_history.json every 300ms
2025-11-11 18:24:32 - clipse_gui.controller - DEBUG - Zoom updated to 1.00
2025-11-11 18:24:32 - clipse_gui.controller - DEBUG - Populating initial 0 rows.
2025-11-11 18:24:32 - clipse_gui.app - DEBUG - Main window created and shown.
2025-11-11 18:24:32 - clipse_gui.controller - DEBUG - Populating initial 21 rows.
2025-11-11 18:24:32 - clipse_gui.controller - DEBUG - Creating rows from filtered index 0 to 20
2025-11-11 18:24:37 - clipse_gui.controller - DEBUG - Row activated: original_index=N/A
2025-11-11 18:24:37 - clipse_gui.controller - DEBUG - Hiding window and scheduling paste simulation.
2025-11-11 18:24:37 - clipse_gui.controller - DEBUG - Attempting paste simulation...
2025-11-11 18:24:37 - clipse_gui.controller - DEBUG - Executing paste simulation command: ['wtype', '-M', 'ctrl', '-P', 'v', '-p', 'v', '-m', 'ctrl']
2025-11-11 18:24:37 - [1;34mclipse_gui.controller[0m - [1;32mINFO[0m - Paste simulation (wtype) command successful.
2025-11-11 18:24:37 - [1;34mclipse_gui.controller[0m - [1;32mINFO[0m - Paste simulation command successful.
2025-11-11 18:24:37 - [1;34mclipse_gui.controller[0m - [1;32mINFO[0m - Quitting application.
2025-11-11 18:24:37 - clipse_gui.app - DEBUG - Application org.d7om.ClipseGUI shutting down.
2025-11-11 18:24:37 - [1;34m__main__[0m - [1;32mINFO[0m - Application exited with status 0.
2025-11-11 18:24:45 - [1;34m__main__[0m - [1;32mINFO[0m - Logging initialized - Console: INFO, File: DEBUG. Log file: /home/leoh/.config/clipse-gui/clipse-gui.log
2025-11-11 18:24:45 - clipse_gui.app - DEBUG - Application org.d7om.ClipseGUI starting up.
2025-11-11 18:24:45 - clipse_gui.app - DEBUG - Activating application - creating main window.
2025-11-11 18:24:45 - clipse_gui.controller - DEBUG - Detected session type: Wayland
2025-11-11 18:24:45 - clipse_gui.data_manager - DEBUG - DataManager initialized with history file: /home/leoh/.config/clipse/clipboard_history.json
2025-11-11 18:24:45 - clipse_gui.ui_builder - DEBUG - Building main window UI content.
2025-11-11 18:24:45 - clipse_gui.controller - DEBUG - Connecting signals.
2025-11-11 18:24:45 - clipse_gui.controller - DEBUG - Creating and adding application CSS provider.
2025-11-11 18:24:45 - clipse_gui.data_manager - DEBUG - Loaded 21 items from /home/leoh/.config/clipse/clipboard_history.json
2025-11-11 18:24:45 - clipse_gui.data_manager - DEBUG - Starting history watcher for /home/leoh/.config/clipse/clipboard_history.json every 300ms
2025-11-11 18:24:45 - clipse_gui.controller - DEBUG - Zoom updated to 1.00
2025-11-11 18:24:45 - clipse_gui.controller - DEBUG - Populating initial 0 rows.
2025-11-11 18:24:45 - clipse_gui.app - DEBUG - Main window created and shown.
2025-11-11 18:24:45 - clipse_gui.controller - DEBUG - Populating initial 21 rows.
2025-11-11 18:24:45 - clipse_gui.controller - DEBUG - Creating rows from filtered index 0 to 20
2025-11-11 18:24:47 - clipse_gui.controller - DEBUG - Row activated: original_index=N/A
2025-11-11 18:24:47 - clipse_gui.controller - DEBUG - Hiding window and scheduling paste simulation.
2025-11-11 18:24:47 - clipse_gui.controller - DEBUG - Attempting paste simulation...
2025-11-11 18:24:47 - clipse_gui.controller - DEBUG - Executing paste simulation command: ['wtype', '-M', 'ctrl', '-P', 'v', '-p', 'v', '-m', 'ctrl']
2025-11-11 18:24:47 - [1;34mclipse_gui.controller[0m - [1;32mINFO[0m - Paste simulation (wtype) command successful.
2025-11-11 18:24:47 - [1;34mclipse_gui.controller[0m - [1;32mINFO[0m - Paste simulation command successful.
2025-11-11 18:24:47 - [1;34mclipse_gui.controller[0m - [1;32mINFO[0m - Quitting application.
2025-11-11 18:24:47 - clipse_gui.app - DEBUG - Application org.d7om.ClipseGUI shutting down.
2025-11-11 18:24:47 - [1;34m__main__[0m - [1;32mINFO[0m - Application exited with status 0.
2025-11-11 18:39:53 - [1;34m__main__[0m - [1;32mINFO[0m - Logging initialized - Console: INFO, File: DEBUG. Log file: /home/leoh/.config/clipse-gui/clipse-gui.log
2025-11-11 18:39:53 - clipse_gui.app - DEBUG - Application org.d7om.ClipseGUI starting up.
2025-11-11 18:39:53 - clipse_gui.app - DEBUG - Activating application - creating main window.
2025-11-11 18:39:53 - clipse_gui.controller - DEBUG - Detected session type: Wayland
2025-11-11 18:39:53 - clipse_gui.data_manager - DEBUG - DataManager initialized with history file: /home/leoh/.config/clipse/clipboard_history.json
2025-11-11 18:39:53 - clipse_gui.ui_builder - DEBUG - Building main window UI content.
2025-11-11 18:39:53 - clipse_gui.controller - DEBUG - Connecting signals.
2025-11-11 18:39:53 - clipse_gui.controller - DEBUG - Creating and adding application CSS provider.
2025-11-11 18:39:53 - clipse_gui.data_manager - DEBUG - Loaded 24 items from /home/leoh/.config/clipse/clipboard_history.json
2025-11-11 18:39:53 - clipse_gui.data_manager - DEBUG - Starting history watcher for /home/leoh/.config/clipse/clipboard_history.json every 300ms
2025-11-11 18:39:53 - clipse_gui.controller - DEBUG - Zoom updated to 1.00
2025-11-11 18:39:53 - clipse_gui.controller - DEBUG - Populating initial 0 rows.
2025-11-11 18:39:54 - clipse_gui.app - DEBUG - Main window created and shown.
2025-11-11 18:39:54 - clipse_gui.controller - DEBUG - Populating initial 24 rows.
2025-11-11 18:39:54 - clipse_gui.controller - DEBUG - Creating rows from filtered index 0 to 23
2025-11-11 18:39:55 - clipse_gui.tray_manager - DEBUG - AppIndicator created and set to ACTIVE
2025-11-11 18:39:55 - clipse_gui.tray_manager - DEBUG - Showing tray icon
2025-11-11 18:39:55 - clipse_gui.data_manager - DEBUG - Loaded 24 items from /home/leoh/.config/clipse/clipboard_history.json
2025-11-11 18:40:20 - clipse_gui.data_manager - DEBUG - History file change detected (/home/leoh/.config/clipse/clipboard_history.json). Reloading...
2025-11-11 18:40:20 - clipse_gui.data_manager - DEBUG - Loaded 24 items from /home/leoh/.config/clipse/clipboard_history.json
2025-11-11 18:40:20 - clipse_gui.controller - DEBUG - Received history update signal from DataManager.
2025-11-11 18:40:20 - clipse_gui.controller - DEBUG - Populating initial 24 rows.
2025-11-11 18:40:20 - clipse_gui.controller - DEBUG - Creating rows from filtered index 0 to 23
2025-11-11 18:41:23 - clipse_gui.data_manager - DEBUG - History file change detected (/home/leoh/.config/clipse/clipboard_history.json). Reloading...
2025-11-11 18:41:23 - clipse_gui.data_manager - DEBUG - Loaded 25 items from /home/leoh/.config/clipse/clipboard_history.json
2025-11-11 18:41:23 - clipse_gui.controller - DEBUG - Received history update signal from DataManager.
2025-11-11 18:41:23 - clipse_gui.controller - DEBUG - Populating initial 25 rows.
2025-11-11 18:41:23 - clipse_gui.controller - DEBUG - Creating rows from filtered index 0 to 24
2025-11-11 18:42:16 - clipse_gui.data_manager - DEBUG - History file change detected (/home/leoh/.config/clipse/clipboard_history.json). Reloading...
2025-11-11 18:42:16 - clipse_gui.data_manager - DEBUG - Loaded 25 items from /home/leoh/.config/clipse/clipboard_history.json
2025-11-11 18:42:16 - clipse_gui.controller - DEBUG - Received history update signal from DataManager.
2025-11-11 18:42:16 - clipse_gui.controller - DEBUG - Populating initial 25 rows.
2025-11-11 18:42:16 - clipse_gui.controller - DEBUG - Creating rows from filtered index 0 to 24
2025-11-11 18:45:03 - clipse_gui.data_manager - DEBUG - History file change detected (/home/leoh/.config/clipse/clipboard_history.json). Reloading...
2025-11-11 18:45:03 - clipse_gui.data_manager - DEBUG - Loaded 26 items from /home/leoh/.config/clipse/clipboard_history.json
2025-11-11 18:45:03 - clipse_gui.controller - DEBUG - Received history update signal from DataManager.
2025-11-11 18:45:03 - clipse_gui.controller - DEBUG - Populating initial 26 rows.
2025-11-11 18:45:03 - clipse_gui.controller - DEBUG - Creating rows from filtered index 0 to 25
2025-11-11 18:46:34 - clipse_gui.data_manager - DEBUG - History file change detected (/home/leoh/.config/clipse/clipboard_history.json). Reloading...
2025-11-11 18:46:34 - clipse_gui.data_manager - DEBUG - Loaded 27 items from /home/leoh/.config/clipse/clipboard_history.json
2025-11-11 18:46:34 - clipse_gui.controller - DEBUG - Received history update signal from DataManager.
2025-11-11 18:46:34 - clipse_gui.controller - DEBUG - Populating initial 27 rows.
2025-11-11 18:46:34 - clipse_gui.controller - DEBUG - Creating rows from filtered index 0 to 26
2025-11-11 18:47:47 - clipse_gui.data_manager - DEBUG - History file change detected (/home/leoh/.config/clipse/clipboard_history.json). Reloading...
2025-11-11 18:47:47 - clipse_gui.data_manager - DEBUG - Loaded 28 items from /home/leoh/.config/clipse/clipboard_history.json
2025-11-11 18:47:47 - clipse_gui.controller - DEBUG - Received history update signal from DataManager.
2025-11-11 18:47:47 - clipse_gui.controller - DEBUG - Populating initial 28 rows.
2025-11-11 18:47:47 - clipse_gui.controller - DEBUG - Creating rows from filtered index 0 to 27
2025-11-11 18:51:34 - clipse_gui.data_manager - DEBUG - History file change detected (/home/leoh/.config/clipse/clipboard_history.json). Reloading...
2025-11-11 18:51:35 - clipse_gui.data_manager - DEBUG - Loaded 29 items from /home/leoh/.config/clipse/clipboard_history.json
2025-11-11 18:51:35 - clipse_gui.controller - DEBUG - Received history update signal from DataManager.
2025-11-11 18:51:35 - clipse_gui.controller - DEBUG - Populating initial 29 rows.
2025-11-11 18:51:35 - clipse_gui.controller - DEBUG - Creating rows from filtered index 0 to 28
2025-11-11 18:52:31 - clipse_gui.data_manager - DEBUG - History file change detected (/home/leoh/.config/clipse/clipboard_history.json). Reloading...
2025-11-11 18:52:31 - clipse_gui.data_manager - DEBUG - Loaded 29 items from /home/leoh/.config/clipse/clipboard_history.json
2025-11-11 18:52:31 - clipse_gui.controller - DEBUG - Received history update signal from DataManager.
2025-11-11 18:52:31 - clipse_gui.controller - DEBUG - Populating initial 29 rows.
2025-11-11 18:52:31 - clipse_gui.controller - DEBUG - Creating rows from filtered index 0 to 28
2025-11-11 19:01:08 - clipse_gui.data_manager - DEBUG - History file change detected (/home/leoh/.config/clipse/clipboard_history.json). Reloading...
2025-11-11 19:01:08 - clipse_gui.data_manager - DEBUG - Loaded 30 items from /home/leoh/.config/clipse/clipboard_history.json
2025-11-11 19:01:08 - clipse_gui.controller - DEBUG - Received history update signal from DataManager.
2025-11-11 19:01:08 - clipse_gui.controller - DEBUG - Populating initial 30 rows.
2025-11-11 19:01:08 - clipse_gui.controller - DEBUG - Creating rows from filtered index 0 to 29
2025-11-11 19:01:26 - clipse_gui.data_manager - DEBUG - History file change detected (/home/leoh/.config/clipse/clipboard_history.json). Reloading...
2025-11-11 19:01:26 - clipse_gui.data_manager - DEBUG - Loaded 31 items from /home/leoh/.config/clipse/clipboard_history.json
2025-11-11 19:01:26 - clipse_gui.controller - DEBUG - Received history update signal from DataManager.
2025-11-11 19:01:26 - clipse_gui.controller - DEBUG - Populating initial 30 rows.
2025-11-11 19:01:26 - clipse_gui.controller - DEBUG - Creating rows from filtered index 0 to 29
2025-11-11 19:02:13 - clipse_gui.data_manager - DEBUG - History file change detected (/home/leoh/.config/clipse/clipboard_history.json). Reloading...
2025-11-11 19:02:13 - clipse_gui.data_manager - DEBUG - Loaded 31 items from /home/leoh/.config/clipse/clipboard_history.json
2025-11-11 19:02:13 - clipse_gui.controller - DEBUG - Received history update signal from DataManager.
2025-11-11 19:02:13 - clipse_gui.controller - DEBUG - Populating initial 30 rows.
2025-11-11 19:02:13 - clipse_gui.controller - DEBUG - Creating rows from filtered index 0 to 29
2025-11-11 19:03:26 - clipse_gui.data_manager - DEBUG - History file change detected (/home/leoh/.config/clipse/clipboard_history.json). Reloading...
2025-11-11 19:03:26 - clipse_gui.data_manager - DEBUG - Loaded 31 items from /home/leoh/.config/clipse/clipboard_history.json
2025-11-11 19:03:26 - clipse_gui.controller - DEBUG - Received history update signal from DataManager.
2025-11-11 19:03:26 - clipse_gui.controller - DEBUG - Populating initial 30 rows.
2025-11-11 19:03:26 - clipse_gui.controller - DEBUG - Creating rows from filtered index 0 to 29
2025-11-11 19:04:16 - clipse_gui.data_manager - DEBUG - History file change detected (/home/leoh/.config/clipse/clipboard_history.json). Reloading...
2025-11-11 19:04:16 - clipse_gui.data_manager - DEBUG - Loaded 32 items from /home/leoh/.config/clipse/clipboard_history.json
2025-11-11 19:04:16 - clipse_gui.controller - DEBUG - Received history update signal from DataManager.
2025-11-11 19:04:16 - clipse_gui.controller - DEBUG - Populating initial 30 rows.
2025-11-11 19:04:16 - clipse_gui.controller - DEBUG - Creating rows from filtered index 0 to 29
2025-11-11 19:09:50 - clipse_gui.data_manager - DEBUG - History file change detected (/home/leoh/.config/clipse/clipboard_history.json). Reloading...
2025-11-11 19:09:50 - clipse_gui.data_manager - DEBUG - Loaded 33 items from /home/leoh/.config/clipse/clipboard_history.json
2025-11-11 19:09:50 - clipse_gui.controller - DEBUG - Received history update signal from DataManager.
2025-11-11 19:09:50 - clipse_gui.controller - DEBUG - Populating initial 30 rows.
2025-11-11 19:09:50 - clipse_gui.controller - DEBUG - Creating rows from filtered index 0 to 29
2025-11-11 19:10:42 - clipse_gui.data_manager - DEBUG - History file change detected (/home/leoh/.config/clipse/clipboard_history.json). Reloading...
2025-11-11 19:10:42 - clipse_gui.data_manager - DEBUG - Loaded 34 items from /home/leoh/.config/clipse/clipboard_history.json
2025-11-11 19:10:42 - clipse_gui.controller - DEBUG - Received history update signal from DataManager.
2025-11-11 19:10:42 - clipse_gui.controller - DEBUG - Populating initial 30 rows.
2025-11-11 19:10:42 - clipse_gui.controller - DEBUG - Creating rows from filtered index 0 to 29
2025-11-11 19:14:52 - clipse_gui.data_manager - DEBUG - History file change detected (/home/leoh/.config/clipse/clipboard_history.json). Reloading...
2025-11-11 19:14:52 - clipse_gui.data_manager - DEBUG - Loaded 35 items from /home/leoh/.config/clipse/clipboard_history.json
2025-11-11 19:14:52 - clipse_gui.controller - DEBUG - Received history update signal from DataManager.
2025-11-11 19:14:52 - clipse_gui.controller - DEBUG - Populating initial 30 rows.
2025-11-11 19:14:52 - clipse_gui.controller - DEBUG - Creating rows from filtered index 0 to 29
2025-11-11 19:14:53 - clipse_gui.data_manager - DEBUG - History file change detected (/home/leoh/.config/clipse/clipboard_history.json). Reloading...
2025-11-11 19:14:53 - clipse_gui.data_manager - DEBUG - Loaded 35 items from /home/leoh/.config/clipse/clipboard_history.json
2025-11-11 19:14:53 - clipse_gui.controller - DEBUG - Received history update signal from DataManager.
2025-11-11 19:14:53 - clipse_gui.controller - DEBUG - Populating initial 30 rows.
2025-11-11 19:14:53 - clipse_gui.controller - DEBUG - Creating rows from filtered index 0 to 29
2025-11-11 19:15:10 - [1;34m__main__[0m - [1;32mINFO[0m - Logging initialized - Console: INFO, File: DEBUG. Log file: /home/leoh/.config/clipse-gui/clipse-gui.log
2025-11-11 19:15:10 - clipse_gui.app - DEBUG - Application already active - presenting existing window.
2025-11-11 19:15:10 - [1;34m__main__[0m - [1;32mINFO[0m - Application exited with status 0.
2025-11-11 19:15:12 - clipse_gui.tray_manager - DEBUG - Showing tray icon
2025-11-11 19:15:12 - clipse_gui.data_manager - DEBUG - Loaded 35 items from /home/leoh/.config/clipse/clipboard_history.json
2025-11-11 19:25:51 - clipse_gui.data_manager - DEBUG - History file change detected (/home/leoh/.config/clipse/clipboard_history.json). Reloading...
2025-11-11 19:25:51 - clipse_gui.data_manager - DEBUG - Loaded 36 items from /home/leoh/.config/clipse/clipboard_history.json
2025-11-11 19:25:51 - clipse_gui.controller - DEBUG - Received history update signal from DataManager.
2025-11-11 19:25:51 - clipse_gui.controller - DEBUG - Populating initial 30 rows.
2025-11-11 19:25:51 - clipse_gui.controller - DEBUG - Creating rows from filtered index 0 to 29
2025-11-11 19:26:14 - clipse_gui.data_manager - DEBUG - History file change detected (/home/leoh/.config/clipse/clipboard_history.json). Reloading...
2025-11-11 19:26:14 - clipse_gui.data_manager - DEBUG - Loaded 37 items from /home/leoh/.config/clipse/clipboard_history.json
2025-11-11 19:26:14 - clipse_gui.controller - DEBUG - Received history update signal from DataManager.
2025-11-11 19:26:14 - clipse_gui.controller - DEBUG - Populating initial 30 rows.
2025-11-11 19:26:14 - clipse_gui.controller - DEBUG - Creating rows from filtered index 0 to 29
2025-11-11 19:48:18 - clipse_gui.data_manager - DEBUG - History file change detected (/home/leoh/.config/clipse/clipboard_history.json). Reloading...
2025-11-11 19:48:18 - clipse_gui.data_manager - DEBUG - Loaded 38 items from /home/leoh/.config/clipse/clipboard_history.json
2025-11-11 19:48:18 - clipse_gui.controller - DEBUG - Received history update signal from DataManager.
2025-11-11 19:48:18 - clipse_gui.controller - DEBUG - Populating initial 30 rows.
2025-11-11 19:48:18 - clipse_gui.controller - DEBUG - Creating rows from filtered index 0 to 29
2025-12-25 18:17:21 - [1;34m__main__[0m - [1;32mINFO[0m - Logging initialized - Console: INFO, File: DEBUG. Log file: /home/leoh/.config/clipse-gui/clipse-gui.log
2025-12-25 18:17:21 - clipse_gui.app - DEBUG - Application org.d7om.ClipseGUI starting up.
2025-12-25 18:17:21 - clipse_gui.app - DEBUG - Activating application - creating main window.
2025-12-25 18:17:21 - clipse_gui.controller - DEBUG - Detected session type: Wayland
2025-12-25 18:17:21 - clipse_gui.data_manager - DEBUG - DataManager initialized with history file: /home/leoh/.config/clipse/clipboard_history.json
2025-12-25 18:17:21 - clipse_gui.ui_builder - DEBUG - Building main window UI content.
2025-12-25 18:17:21 - clipse_gui.controller - DEBUG - Connecting signals.
2025-12-25 18:17:21 - clipse_gui.controller - DEBUG - Creating and adding application CSS provider.
2025-12-25 18:17:21 - clipse_gui.data_manager - DEBUG - Loaded 38 items from /home/leoh/.config/clipse/clipboard_history.json
2025-12-25 18:17:21 - clipse_gui.data_manager - DEBUG - Starting history watcher for /home/leoh/.config/clipse/clipboard_history.json every 300ms
2025-12-25 18:17:21 - clipse_gui.controller - DEBUG - Zoom updated to 1.00
2025-12-25 18:17:21 - clipse_gui.controller - DEBUG - Populating initial 0 rows.
2025-12-25 18:17:21 - clipse_gui.app - DEBUG - Main window created and shown.
2025-12-25 18:17:21 - clipse_gui.controller - DEBUG - Populating initial 30 rows.
2025-12-25 18:17:21 - clipse_gui.controller - DEBUG - Creating rows from filtered index 0 to 29
2025-12-25 18:17:21 - clipse_gui.controller - DEBUG - Scheduling load more: rows 30 to 37
2025-12-25 18:17:21 - clipse_gui.controller - DEBUG - Executing load more: rows 30 to 37
2025-12-25 18:17:21 - clipse_gui.controller - DEBUG - Creating rows from filtered index 30 to 37
2025-12-25 18:17:26 - clipse_gui.tray_manager - DEBUG - AppIndicator created and set to ACTIVE
2025-12-25 18:17:26 - clipse_gui.tray_manager - DEBUG - Showing tray icon
2025-12-25 18:17:26 - clipse_gui.data_manager - DEBUG - Loaded 38 items from /home/leoh/.config/clipse/clipboard_history.json
2025-12-25 18:23:37 - clipse_gui.data_manager - DEBUG - History file change detected (/home/leoh/.config/clipse/clipboard_history.json). Reloading...
2025-12-25 18:23:37 - clipse_gui.data_manager - DEBUG - Loaded 39 items from /home/leoh/.config/clipse/clipboard_history.json
2025-12-25 18:23:37 - clipse_gui.controller - DEBUG - Received history update signal from DataManager.
2025-12-25 18:23:37 - clipse_gui.controller - DEBUG - Populating initial 30 rows.
2025-12-25 18:23:37 - clipse_gui.controller - DEBUG - Creating rows from filtered index 0 to 29
2025-12-25 18:24:15 - clipse_gui.data_manager - DEBUG - History file change detected (/home/leoh/.config/clipse/clipboard_history.json). Reloading...
2025-12-25 18:24:15 - clipse_gui.data_manager - DEBUG - Loaded 40 items from /home/leoh/.config/clipse/clipboard_history.json
2025-12-25 18:24:15 - clipse_gui.controller - DEBUG - Received history update signal from DataManager.
2025-12-25 18:24:15 - clipse_gui.controller - DEBUG - Populating initial 30 rows.
2025-12-25 18:24:15 - clipse_gui.controller - DEBUG - Creating rows from filtered index 0 to 29
2025-12-25 18:24:16 - clipse_gui.data_manager - DEBUG - History file change detected (/home/leoh/.config/clipse/clipboard_history.json). Reloading...
2025-12-25 18:24:16 - clipse_gui.data_manager - DEBUG - Loaded 40 items from /home/leoh/.config/clipse/clipboard_history.json
2025-12-25 18:24:16 - clipse_gui.controller - DEBUG - Received history update signal from DataManager.
2025-12-25 18:24:16 - clipse_gui.controller - DEBUG - Populating initial 30 rows.
2025-12-25 18:24:16 - clipse_gui.controller - DEBUG - Creating rows from filtered index 0 to 29
2025-12-25 18:26:09 - [1;34m__main__[0m - [1;32mINFO[0m - Logging initialized - Console: INFO, File: DEBUG. Log file: /home/leoh/.config/clipse-gui/clipse-gui.log
2025-12-25 18:26:09 - clipse_gui.app - DEBUG - Application already active - presenting existing window.
2025-12-25 18:26:09 - [1;34m__main__[0m - [1;32mINFO[0m - Application exited with status 0.
2025-12-25 18:26:12 - clipse_gui.controller - DEBUG - Row activated: original_index=N/A
2025-12-25 18:26:12 - clipse_gui.controller - DEBUG - Hiding window and scheduling paste simulation.
2025-12-25 18:26:12 - clipse_gui.controller - DEBUG - Attempting paste simulation...
2025-12-25 18:26:12 - clipse_gui.controller - DEBUG - Executing paste simulation command: ['wtype', '-M', 'ctrl', '-P', 'v', '-p', 'v', '-m', 'ctrl']
2025-12-25 18:26:12 - [1;34mclipse_gui.controller[0m - [1;32mINFO[0m - Paste simulation (wtype) command successful.
2025-12-25 18:26:12 - [1;34mclipse_gui.controller[0m - [1;32mINFO[0m - Paste simulation command successful.
2025-12-25 18:26:12 - clipse_gui.data_manager - DEBUG - History file change detected (/home/leoh/.config/clipse/clipboard_history.json). Reloading...
2025-12-25 18:26:12 - clipse_gui.data_manager - DEBUG - Loaded 40 items from /home/leoh/.config/clipse/clipboard_history.json
2025-12-25 18:26:12 - clipse_gui.controller - DEBUG - Received history update signal from DataManager.
2025-12-25 18:26:12 - clipse_gui.controller - DEBUG - Populating initial 30 rows.
2025-12-25 18:26:12 - clipse_gui.controller - DEBUG - Creating rows from filtered index 0 to 29
2025-12-25 18:26:12 - [1;34mclipse_gui.controller[0m - [1;32mINFO[0m - Quitting application.
2025-12-25 18:26:12 - clipse_gui.app - DEBUG - Application org.d7om.ClipseGUI shutting down.
2025-12-25 18:26:12 - [1;34m__main__[0m - [1;32mINFO[0m - Application exited with status 0.
2026-01-24 10:42:21 - [1;34m__main__[0m - [1;32mINFO[0m - Logging initialized - Console: INFO, File: DEBUG. Log file: /home/leoh/.config/clipse-gui/clipse-gui.log
2026-01-24 10:42:22 - clipse_gui.app - DEBUG - Application org.d7om.ClipseGUI starting up.
2026-01-24 10:42:22 - clipse_gui.app - DEBUG - Activating application - creating main window.
2026-01-24 10:42:22 - clipse_gui.controller - DEBUG - Detected session type: Wayland
2026-01-24 10:42:22 - clipse_gui.data_manager - DEBUG - DataManager initialized with history file: /home/leoh/.config/clipse/clipboard_history.json
2026-01-24 10:42:22 - clipse_gui.ui_builder - DEBUG - Building main window UI content.
2026-01-24 10:42:22 - clipse_gui.controller - DEBUG - Connecting signals.
2026-01-24 10:42:22 - clipse_gui.controller - DEBUG - Creating and adding application CSS provider.
2026-01-24 10:42:22 - clipse_gui.controller - DEBUG - Zoom updated to 1.00
2026-01-24 10:42:22 - clipse_gui.data_manager - DEBUG - Loaded 95 items from /home/leoh/.config/clipse/clipboard_history.json
2026-01-24 10:42:22 - clipse_gui.data_manager - DEBUG - Starting history watcher for /home/leoh/.config/clipse/clipboard_history.json every 300ms
2026-01-24 10:42:22 - clipse_gui.controller - DEBUG - Populating initial 0 rows.
2026-01-24 10:42:22 - clipse_gui.app - DEBUG - Main window created and shown.
2026-01-24 10:42:22 - clipse_gui.controller - DEBUG - Populating initial 30 rows.
2026-01-24 10:42:22 - clipse_gui.controller - DEBUG - Creating rows from filtered index 0 to 29
2026-01-24 10:42:22 - clipse_gui.controller - DEBUG - Scheduling load more: rows 30 to 49
2026-01-24 10:42:22 - clipse_gui.controller - DEBUG - Executing load more: rows 30 to 49
2026-01-24 10:42:22 - clipse_gui.controller - DEBUG - Creating rows from filtered index 30 to 49
2026-01-24 10:42:29 - clipse_gui.tray_manager - DEBUG - AppIndicator created and set to ACTIVE
2026-01-24 10:42:29 - clipse_gui.tray_manager - DEBUG - Showing tray icon
2026-01-24 10:42:29 - clipse_gui.data_manager - DEBUG - Loaded 95 items from /home/leoh/.config/clipse/clipboard_history.json
2026-02-19 15:50:21 - [1;34m__main__[0m - [1;32mINFO[0m - Logging initialized - Console: INFO, File: DEBUG. Log file: /home/leoh/.config/clipse-gui/clipse-gui.log
2026-02-19 15:50:21 - clipse_gui.app - DEBUG - Application org.d7om.ClipseGUI starting up.
2026-02-19 15:50:21 - clipse_gui.app - DEBUG - Activating application - creating main window.
2026-02-19 15:50:21 - clipse_gui.controller - DEBUG - Detected session type: Wayland
2026-02-19 15:50:21 - clipse_gui.data_manager - DEBUG - DataManager initialized with history file: /home/leoh/.config/clipse/clipboard_history.json
2026-02-19 15:50:21 - clipse_gui.ui_builder - DEBUG - Building main window UI content.
2026-02-19 15:50:21 - clipse_gui.controller - DEBUG - Connecting signals.
2026-02-19 15:50:21 - clipse_gui.controller - DEBUG - Creating and adding application CSS provider.
2026-02-19 15:50:21 - clipse_gui.controller - DEBUG - Zoom updated to 1.00
2026-02-19 15:50:21 - clipse_gui.data_manager - DEBUG - Loaded 100 items from /home/leoh/.config/clipse/clipboard_history.json
2026-02-19 15:50:21 - clipse_gui.data_manager - DEBUG - Starting history watcher for /home/leoh/.config/clipse/clipboard_history.json every 300ms
2026-02-19 15:50:21 - clipse_gui.controller - DEBUG - Populating initial 0 rows.
2026-02-19 15:50:21 - clipse_gui.app - DEBUG - Main window created and shown.
2026-02-19 15:50:21 - clipse_gui.controller - DEBUG - Populating initial 30 rows.
2026-02-19 15:50:21 - clipse_gui.controller - DEBUG - Creating rows from filtered index 0 to 29
2026-02-19 15:50:21 - clipse_gui.controller - DEBUG - Scheduling load more: rows 30 to 49
2026-02-19 15:50:22 - clipse_gui.controller - DEBUG - Executing load more: rows 30 to 49
2026-02-19 15:50:22 - clipse_gui.controller - DEBUG - Creating rows from filtered index 30 to 49
2026-02-19 15:50:25 - clipse_gui.controller - DEBUG - Scheduling load more: rows 50 to 69
2026-02-19 15:50:25 - clipse_gui.controller - DEBUG - Executing load more: rows 50 to 69
2026-02-19 15:50:25 - clipse_gui.controller - DEBUG - Creating rows from filtered index 50 to 69
2026-02-19 15:50:25 - clipse_gui.controller - DEBUG - Scheduling load more: rows 70 to 89
2026-02-19 15:50:25 - clipse_gui.controller - DEBUG - Executing load more: rows 70 to 89
2026-02-19 15:50:25 - clipse_gui.controller - DEBUG - Creating rows from filtered index 70 to 89
2026-02-19 15:50:25 - clipse_gui.controller - DEBUG - Scheduling load more: rows 90 to 99
2026-02-19 15:50:25 - clipse_gui.controller - DEBUG - Executing load more: rows 90 to 99
2026-02-19 15:50:25 - clipse_gui.controller - DEBUG - Creating rows from filtered index 90 to 99
2026-02-19 15:50:38 - clipse_gui.controller - DEBUG - Pin filter toggled: ON
2026-02-19 15:50:38 - clipse_gui.controller - DEBUG - Populating initial 0 rows.
2026-02-19 15:50:39 - clipse_gui.controller - DEBUG - Pin filter toggled: OFF
2026-02-19 15:50:39 - clipse_gui.controller - DEBUG - Populating initial 30 rows.
2026-02-19 15:50:39 - clipse_gui.controller - DEBUG - Creating rows from filtered index 0 to 29
2026-02-19 15:54:42 - clipse_gui.tray_manager - DEBUG - AppIndicator created and set to ACTIVE
2026-02-19 15:54:42 - clipse_gui.tray_manager - DEBUG - Showing tray icon
2026-02-19 15:54:42 - clipse_gui.data_manager - DEBUG - Loaded 100 items from /home/leoh/.config/clipse/clipboard_history.json
2026-02-19 16:05:59 - clipse_gui.data_manager - DEBUG - History file change detected (/home/leoh/.config/clipse/clipboard_history.json). Reloading...
2026-02-19 16:05:59 - clipse_gui.data_manager - DEBUG - Loaded 100 items from /home/leoh/.config/clipse/clipboard_history.json
2026-02-19 16:05:59 - clipse_gui.controller - DEBUG - Received history update signal from DataManager.
2026-02-19 16:05:59 - clipse_gui.controller - DEBUG - Populating initial 30 rows.
2026-02-19 16:05:59 - clipse_gui.controller - DEBUG - Creating rows from filtered index 0 to 29
2026-02-19 16:07:01 - clipse_gui.data_manager - DEBUG - History file change detected (/home/leoh/.config/clipse/clipboard_history.json). Reloading...
2026-02-19 16:07:01 - clipse_gui.data_manager - DEBUG - Loaded 100 items from /home/leoh/.config/clipse/clipboard_history.json
2026-02-19 16:07:01 - clipse_gui.controller - DEBUG - Received history update signal from DataManager.
2026-02-19 16:07:01 - clipse_gui.controller - DEBUG - Populating initial 30 rows.
2026-02-19 16:07:01 - clipse_gui.controller - DEBUG - Creating rows from filtered index 0 to 29
2026-02-19 16:08:42 - clipse_gui.data_manager - DEBUG - History file change detected (/home/leoh/.config/clipse/clipboard_history.json). Reloading...
2026-02-19 16:08:42 - clipse_gui.data_manager - DEBUG - Loaded 100 items from /home/leoh/.config/clipse/clipboard_history.json
2026-02-19 16:08:42 - clipse_gui.controller - DEBUG - Received history update signal from DataManager.
2026-02-19 16:08:42 - clipse_gui.controller - DEBUG - Populating initial 30 rows.
2026-02-19 16:08:42 - clipse_gui.controller - DEBUG - Creating rows from filtered index 0 to 29
2026-02-19 16:09:13 - clipse_gui.data_manager - DEBUG - History file change detected (/home/leoh/.config/clipse/clipboard_history.json). Reloading...
2026-02-19 16:09:13 - clipse_gui.data_manager - DEBUG - Loaded 100 items from /home/leoh/.config/clipse/clipboard_history.json
2026-02-19 16:09:13 - clipse_gui.controller - DEBUG - Received history update signal from DataManager.
2026-02-19 16:09:13 - clipse_gui.controller - DEBUG - Populating initial 30 rows.
2026-02-19 16:09:13 - clipse_gui.controller - DEBUG - Creating rows from filtered index 0 to 29
2026-02-19 16:09:33 - clipse_gui.data_manager - DEBUG - History file change detected (/home/leoh/.config/clipse/clipboard_history.json). Reloading...
2026-02-19 16:09:33 - clipse_gui.data_manager - DEBUG - Loaded 100 items from /home/leoh/.config/clipse/clipboard_history.json
2026-02-19 16:09:33 - clipse_gui.controller - DEBUG - Received history update signal from DataManager.
2026-02-19 16:09:33 - clipse_gui.controller - DEBUG - Populating initial 30 rows.
2026-02-19 16:09:33 - clipse_gui.controller - DEBUG - Creating rows from filtered index 0 to 29
